<?xml version="1.0" encoding="UTF-8"?>
<testng-results total="2" passed="2" failed="0" skipped="0">
  <reporter-output>
  </reporter-output>
  <suite started-at="2019-07-08T23:37:16Z" name="Suite" finished-at="2019-07-08T23:37:22Z" duration-ms="5273">
    <groups>
    </groups>
    <test started-at="2019-07-08T23:37:16Z" name="Test1" finished-at="2019-07-08T23:37:20Z" duration-ms="3775">
      <class name="com.testng2.NewMu">
        <test-method is-config="true" signature="first(java.lang.String)[pri:0, instance:com.testng2.NewMu@74e52ef6]" started-at="2019-07-08T19:37:16Z" name="first" finished-at="2019-07-08T19:37:19Z" duration-ms="2855" status="PASS">
          <params>
            <param index="0">
              <value>
                <![CDATA[chrome]]>
              </value>
            </param>
          </params>
          <reporter-output>
          </reporter-output>
        </test-method> <!-- first -->
        <test-method signature="aa()[pri:0, instance:com.testng2.NewMu@74e52ef6]" started-at="2019-07-08T19:37:19Z" name="aa" finished-at="2019-07-08T19:37:20Z" duration-ms="901" status="PASS">
          <reporter-output>
          </reporter-output>
        </test-method> <!-- aa -->
        <test-method is-config="true" signature="last()[pri:0, instance:com.testng2.NewMu@74e52ef6]" started-at="2019-07-08T19:37:20Z" name="last" finished-at="2019-07-08T19:37:20Z" duration-ms="2" status="PASS">
          <reporter-output>
          </reporter-output>
        </test-method> <!-- last -->
      </class> <!-- com.testng2.NewMu -->
    </test> <!-- Test1 -->
    <test started-at="2019-07-08T23:37:16Z" name="Test2" finished-at="2019-07-08T23:37:22Z" duration-ms="5273">
      <class name="com.testng2.NewMu">
        <test-method is-config="true" signature="first(java.lang.String)[pri:0, instance:com.testng2.NewMu@131ef10]" started-at="2019-07-08T19:37:16Z" name="first" finished-at="2019-07-08T19:37:21Z" duration-ms="4488" status="PASS">
          <params>
            <param index="0">
              <value>
                <![CDATA[firefox]]>
              </value>
            </param>
          </params>
          <reporter-output>
          </reporter-output>
        </test-method> <!-- first -->
        <test-method signature="aa()[pri:0, instance:com.testng2.NewMu@131ef10]" started-at="2019-07-08T19:37:21Z" name="aa" finished-at="2019-07-08T19:37:22Z" duration-ms="772" status="PASS">
          <reporter-output>
          </reporter-output>
        </test-method> <!-- aa -->
        <test-method is-config="true" signature="last()[pri:0, instance:com.testng2.NewMu@131ef10]" started-at="2019-07-08T19:37:22Z" name="last" finished-at="2019-07-08T19:37:22Z" duration-ms="1" status="PASS">
          <reporter-output>
          </reporter-output>
        </test-method> <!-- last -->
      </class> <!-- com.testng2.NewMu -->
    </test> <!-- Test2 -->
  </suite> <!-- Suite -->
</testng-results>
